<?xml version="1.0" encoding="UTF-8"?>
<!-- Generated by org.testng.reporters.JUnitReportReporter -->
<testsuite hostname="DELL" failures="0" tests="1" name="Practise.Automation.ExampleAPITest" time="3.781" errors="0" timestamp="2024-04-17T03:49:58 EDT" skipped="0">
  <testcase classname="Practise.Automation.ExampleAPITest" name="testGetAccountDetails" time="3.781"/>
  <system-out/>
</testsuite> <!-- Practise.Automation.ExampleAPITest -->
